  [1m[35m (0.1ms)[0m  [1m[34mSELECT sqlite_version(*)[0m
  ↳ bin/rails:9
  [1m[35m (5.7ms)[0m  [1m[35mCREATE TABLE "schema_migrations" ("version" varchar NOT NULL PRIMARY KEY)[0m
  ↳ bin/rails:9
  [1m[35m (11.7ms)[0m  [1m[35mCREATE TABLE "ar_internal_metadata" ("key" varchar NOT NULL PRIMARY KEY, "value" varchar, "created_at" datetime NOT NULL, "updated_at" datetime NOT NULL)[0m
  ↳ bin/rails:9
  [1m[35m (1.6ms)[0m  [1m[34mSELECT "schema_migrations"."version" FROM "schema_migrations" ORDER BY "schema_migrations"."version" ASC[0m
  ↳ bin/rails:9
Migrating to DeviseCreateUsers (20200831051004)
  [1m[35m (0.1ms)[0m  [1m[36mbegin transaction[0m
  ↳ bin/rails:9
  [1m[35m (5.5ms)[0m  [1m[35mCREATE TABLE "users" ("id" integer PRIMARY KEY AUTOINCREMENT NOT NULL, "email" varchar DEFAULT '' NOT NULL, "encrypted_password" varchar DEFAULT '' NOT NULL, "reset_password_token" varchar, "reset_password_sent_at" datetime, "remember_created_at" datetime, "created_at" datetime NOT NULL, "updated_at" datetime NOT NULL)[0m
  ↳ db/migrate/20200831051004_devise_create_users.rb:5
  [1m[35m (0.4ms)[0m  [1m[35mCREATE UNIQUE INDEX "index_users_on_email" ON "users" ("email")[0m
  ↳ db/migrate/20200831051004_devise_create_users.rb:39
  [1m[35m (0.2ms)[0m  [1m[35mCREATE UNIQUE INDEX "index_users_on_reset_password_token" ON "users" ("reset_password_token")[0m
  ↳ db/migrate/20200831051004_devise_create_users.rb:40
  [1m[36mActiveRecord::SchemaMigration Create (1.4ms)[0m  [1m[32mINSERT INTO "schema_migrations" ("version") VALUES (?)[0m  [["version", "20200831051004"]]
  ↳ bin/rails:9
  [1m[35m (2.2ms)[0m  [1m[36mcommit transaction[0m
  ↳ bin/rails:9
Migrating to CreateGenres (20200831064953)
  [1m[35m (0.1ms)[0m  [1m[36mbegin transaction[0m
  ↳ bin/rails:9
  [1m[35m (4.6ms)[0m  [1m[35mCREATE TABLE "genres" ("id" integer PRIMARY KEY AUTOINCREMENT NOT NULL, "name" varchar, "validity" boolean DEFAULT 1 NOT NULL, "created_at" datetime NOT NULL, "updated_at" datetime NOT NULL)[0m
  ↳ db/migrate/20200831064953_create_genres.rb:3
  [1m[36mActiveRecord::SchemaMigration Create (1.4ms)[0m  [1m[32mINSERT INTO "schema_migrations" ("version") VALUES (?)[0m  [["version", "20200831064953"]]
  ↳ bin/rails:9
  [1m[35m (3.0ms)[0m  [1m[36mcommit transaction[0m
  ↳ bin/rails:9
Migrating to DeviseCreateAdmins (20200831073824)
  [1m[35m (0.1ms)[0m  [1m[36mbegin transaction[0m
  ↳ bin/rails:9
  [1m[35m (5.6ms)[0m  [1m[35mCREATE TABLE "admins" ("id" integer PRIMARY KEY AUTOINCREMENT NOT NULL, "email" varchar DEFAULT '' NOT NULL, "encrypted_password" varchar DEFAULT '' NOT NULL, "reset_password_token" varchar, "reset_password_sent_at" datetime, "remember_created_at" datetime, "created_at" datetime NOT NULL, "updated_at" datetime NOT NULL)[0m
  ↳ db/migrate/20200831073824_devise_create_admins.rb:5
  [1m[35m (1.1ms)[0m  [1m[35mCREATE UNIQUE INDEX "index_admins_on_email" ON "admins" ("email")[0m
  ↳ db/migrate/20200831073824_devise_create_admins.rb:39
  [1m[35m (0.3ms)[0m  [1m[35mCREATE UNIQUE INDEX "index_admins_on_reset_password_token" ON "admins" ("reset_password_token")[0m
  ↳ db/migrate/20200831073824_devise_create_admins.rb:40
  [1m[36mActiveRecord::SchemaMigration Create (1.4ms)[0m  [1m[32mINSERT INTO "schema_migrations" ("version") VALUES (?)[0m  [["version", "20200831073824"]]
  ↳ bin/rails:9
  [1m[35m (3.3ms)[0m  [1m[36mcommit transaction[0m
  ↳ bin/rails:9
Migrating to CreateOrderItems (20200831083419)
  [1m[35m (0.2ms)[0m  [1m[36mbegin transaction[0m
  ↳ bin/rails:9
  [1m[35m (6.9ms)[0m  [1m[35mCREATE TABLE "order_items" ("id" integer PRIMARY KEY AUTOINCREMENT NOT NULL, "order_id" integer, "item_id" integer, "past_price" integer, "amount" integer, "making_status" integer, "created_at" datetime NOT NULL, "updated_at" datetime NOT NULL)[0m
  ↳ db/migrate/20200831083419_create_order_items.rb:3
  [1m[36mActiveRecord::SchemaMigration Create (1.3ms)[0m  [1m[32mINSERT INTO "schema_migrations" ("version") VALUES (?)[0m  [["version", "20200831083419"]]
  ↳ bin/rails:9
  [1m[35m (2.9ms)[0m  [1m[36mcommit transaction[0m
  ↳ bin/rails:9
Migrating to CreateItems (20200831083638)
  [1m[35m (0.2ms)[0m  [1m[36mbegin transaction[0m
  ↳ bin/rails:9
  [1m[35m (8.2ms)[0m  [1m[35mCREATE TABLE "items" ("id" integer PRIMARY KEY AUTOINCREMENT NOT NULL, "genre_id" integer, "name" varchar, "img_id" varchar, "detail" text, "price" integer, "is_active" boolean DEFAULT 1 NOT NULL, "created_at" datetime NOT NULL, "updated_at" datetime NOT NULL)[0m
  ↳ db/migrate/20200831083638_create_items.rb:3
  [1m[36mActiveRecord::SchemaMigration Create (3.0ms)[0m  [1m[32mINSERT INTO "schema_migrations" ("version") VALUES (?)[0m  [["version", "20200831083638"]]
  ↳ bin/rails:9
  [1m[35m (3.6ms)[0m  [1m[36mcommit transaction[0m
  ↳ bin/rails:9
Migrating to CreateOrders (20200831083850)
  [1m[35m (0.1ms)[0m  [1m[36mbegin transaction[0m
  ↳ bin/rails:9
  [1m[35m (7.2ms)[0m  [1m[35mCREATE TABLE "orders" ("id" integer PRIMARY KEY AUTOINCREMENT NOT NULL, "member_id" integer, "payment_method" integer DEFAULT 0, "order_status" integer, "postal_code" varchar, "address" varchar, "name" varchar, "deliver_charge" integer DEFAULT 800, "total_payment" integer, "created_at" datetime NOT NULL, "updated_at" datetime NOT NULL)[0m
  ↳ db/migrate/20200831083850_create_orders.rb:3
  [1m[36mActiveRecord::SchemaMigration Create (1.7ms)[0m  [1m[32mINSERT INTO "schema_migrations" ("version") VALUES (?)[0m  [["version", "20200831083850"]]
  ↳ bin/rails:9
  [1m[35m (3.0ms)[0m  [1m[36mcommit transaction[0m
  ↳ bin/rails:9
Migrating to CreateAddresses (20200831093350)
  [1m[35m (0.2ms)[0m  [1m[36mbegin transaction[0m
  ↳ bin/rails:9
  [1m[35m (6.5ms)[0m  [1m[35mCREATE TABLE "addresses" ("id" integer PRIMARY KEY AUTOINCREMENT NOT NULL, "member_id" integer, "postal_code" varchar, "address" varchar, "name" varchar, "created_at" datetime NOT NULL, "updated_at" datetime NOT NULL)[0m
  ↳ db/migrate/20200831093350_create_addresses.rb:3
  [1m[36mActiveRecord::SchemaMigration Create (1.5ms)[0m  [1m[32mINSERT INTO "schema_migrations" ("version") VALUES (?)[0m  [["version", "20200831093350"]]
  ↳ bin/rails:9
  [1m[35m (2.9ms)[0m  [1m[36mcommit transaction[0m
  ↳ bin/rails:9
Migrating to CreateCarts (20200831093609)
  [1m[35m (0.1ms)[0m  [1m[36mbegin transaction[0m
  ↳ bin/rails:9
  [1m[35m (7.2ms)[0m  [1m[35mCREATE TABLE "carts" ("id" integer PRIMARY KEY AUTOINCREMENT NOT NULL, "member_id" integer, "item_id" integer, "amount" integer DEFAULT 1, "created_at" datetime NOT NULL, "updated_at" datetime NOT NULL)[0m
  ↳ db/migrate/20200831093609_create_carts.rb:3
  [1m[36mActiveRecord::SchemaMigration Create (1.4ms)[0m  [1m[32mINSERT INTO "schema_migrations" ("version") VALUES (?)[0m  [["version", "20200831093609"]]
  ↳ bin/rails:9
  [1m[35m (2.5ms)[0m  [1m[36mcommit transaction[0m
  ↳ bin/rails:9
Migrating to DeviseCreateMembers (20200831121928)
  [1m[35m (0.1ms)[0m  [1m[36mbegin transaction[0m
  ↳ bin/rails:9
  [1m[35m (7.4ms)[0m  [1m[35mCREATE TABLE "members" ("id" integer PRIMARY KEY AUTOINCREMENT NOT NULL, "email" varchar DEFAULT '' NOT NULL, "encrypted_password" varchar DEFAULT '' NOT NULL, "reset_password_token" varchar, "reset_password_sent_at" datetime, "remember_created_at" datetime, "last_name" varchar, "string" varchar, "first_name" varchar, "last_name_kana" varchar, "first_name_kana" varchar, "postal_code" varchar, "address" varchar, "telephone_number" varchar, "is_deleted" varchar, "boolean" varchar, "created_at" datetime NOT NULL, "updated_at" datetime NOT NULL)[0m
  ↳ db/migrate/20200831121928_devise_create_members.rb:5
  [1m[35m (0.7ms)[0m  [1m[35mCREATE UNIQUE INDEX "index_members_on_email" ON "members" ("email")[0m
  ↳ db/migrate/20200831121928_devise_create_members.rb:55
  [1m[35m (0.3ms)[0m  [1m[35mCREATE UNIQUE INDEX "index_members_on_reset_password_token" ON "members" ("reset_password_token")[0m
  ↳ db/migrate/20200831121928_devise_create_members.rb:56
  [1m[36mActiveRecord::SchemaMigration Create (1.8ms)[0m  [1m[32mINSERT INTO "schema_migrations" ("version") VALUES (?)[0m  [["version", "20200831121928"]]
  ↳ bin/rails:9
  [1m[35m (3.0ms)[0m  [1m[36mcommit transaction[0m
  ↳ bin/rails:9
Migrating to RemoveIsDeletedFromMembers (20200902134217)
  [1m[35m (0.1ms)[0m  [1m[36mbegin transaction[0m
  ↳ bin/rails:9
  [1m[35m (0.7ms)[0m  [1m[35mCREATE TEMPORARY TABLE "amembers" ("id" integer NOT NULL PRIMARY KEY, "email" varchar DEFAULT '' NOT NULL, "encrypted_password" varchar DEFAULT '' NOT NULL, "reset_password_token" varchar DEFAULT NULL, "reset_password_sent_at" datetime DEFAULT NULL, "remember_created_at" datetime DEFAULT NULL, "last_name" varchar DEFAULT NULL, "string" varchar DEFAULT NULL, "first_name" varchar DEFAULT NULL, "last_name_kana" varchar DEFAULT NULL, "first_name_kana" varchar DEFAULT NULL, "postal_code" varchar DEFAULT NULL, "address" varchar DEFAULT NULL, "telephone_number" varchar DEFAULT NULL, "is_deleted" varchar DEFAULT NULL, "boolean" varchar DEFAULT NULL, "created_at" datetime NOT NULL, "updated_at" datetime NOT NULL)[0m
  ↳ db/migrate/20200902134217_remove_is_deleted_from_members.rb:3
  [1m[35m (0.7ms)[0m  [1m[35mCREATE UNIQUE INDEX "tindex_amembers_on_reset_password_token" ON "amembers" ("reset_password_token")[0m
  ↳ db/migrate/20200902134217_remove_is_deleted_from_members.rb:3
  [1m[35m (0.4ms)[0m  [1m[35mCREATE UNIQUE INDEX "tindex_amembers_on_email" ON "amembers" ("email")[0m
  ↳ db/migrate/20200902134217_remove_is_deleted_from_members.rb:3
  [1m[35m (0.4ms)[0m  [1m[32mINSERT INTO "amembers" ("id","email","encrypted_password","reset_password_token","reset_password_sent_at","remember_created_at","last_name","string","first_name","last_name_kana","first_name_kana","postal_code","address","telephone_number","is_deleted","boolean","created_at","updated_at")
                     SELECT "id","email","encrypted_password","reset_password_token","reset_password_sent_at","remember_created_at","last_name","string","first_name","last_name_kana","first_name_kana","postal_code","address","telephone_number","is_deleted","boolean","created_at","updated_at" FROM "members"[0m
  ↳ db/migrate/20200902134217_remove_is_deleted_from_members.rb:3
  [1m[35m (9.4ms)[0m  [1m[35mDROP TABLE "members"[0m
  ↳ db/migrate/20200902134217_remove_is_deleted_from_members.rb:3
  [1m[35m (1.1ms)[0m  [1m[35mCREATE TABLE "members" ("id" integer NOT NULL PRIMARY KEY, "email" varchar DEFAULT '' NOT NULL, "encrypted_password" varchar DEFAULT '' NOT NULL, "reset_password_token" varchar DEFAULT NULL, "reset_password_sent_at" datetime DEFAULT NULL, "remember_created_at" datetime DEFAULT NULL, "last_name" varchar DEFAULT NULL, "string" varchar DEFAULT NULL, "first_name" varchar DEFAULT NULL, "last_name_kana" varchar DEFAULT NULL, "first_name_kana" varchar DEFAULT NULL, "postal_code" varchar DEFAULT NULL, "address" varchar DEFAULT NULL, "telephone_number" varchar DEFAULT NULL, "boolean" varchar DEFAULT NULL, "created_at" datetime NOT NULL, "updated_at" datetime NOT NULL)[0m
  ↳ db/migrate/20200902134217_remove_is_deleted_from_members.rb:3
  [1m[35m (0.8ms)[0m  [1m[35mCREATE UNIQUE INDEX "index_members_on_email" ON "members" ("email")[0m
  ↳ db/migrate/20200902134217_remove_is_deleted_from_members.rb:3
  [1m[35m (0.5ms)[0m  [1m[35mCREATE UNIQUE INDEX "index_members_on_reset_password_token" ON "members" ("reset_password_token")[0m
  ↳ db/migrate/20200902134217_remove_is_deleted_from_members.rb:3
  [1m[35m (0.5ms)[0m  [1m[32mINSERT INTO "members" ("id","email","encrypted_password","reset_password_token","reset_password_sent_at","remember_created_at","last_name","string","first_name","last_name_kana","first_name_kana","postal_code","address","telephone_number","boolean","created_at","updated_at")
                     SELECT "id","email","encrypted_password","reset_password_token","reset_password_sent_at","remember_created_at","last_name","string","first_name","last_name_kana","first_name_kana","postal_code","address","telephone_number","boolean","created_at","updated_at" FROM "amembers"[0m
  ↳ db/migrate/20200902134217_remove_is_deleted_from_members.rb:3
  [1m[35m (0.7ms)[0m  [1m[35mDROP TABLE "amembers"[0m
  ↳ db/migrate/20200902134217_remove_is_deleted_from_members.rb:3
  [1m[36mActiveRecord::SchemaMigration Create (2.0ms)[0m  [1m[32mINSERT INTO "schema_migrations" ("version") VALUES (?)[0m  [["version", "20200902134217"]]
  ↳ bin/rails:9
  [1m[35m (7.3ms)[0m  [1m[36mcommit transaction[0m
  ↳ bin/rails:9
Migrating to RemoveBooleanFromMembers (20200902134513)
  [1m[35m (0.2ms)[0m  [1m[36mbegin transaction[0m
  ↳ bin/rails:9
  [1m[35m (1.1ms)[0m  [1m[35mCREATE TEMPORARY TABLE "amembers" ("id" integer NOT NULL PRIMARY KEY, "email" varchar DEFAULT '' NOT NULL, "encrypted_password" varchar DEFAULT '' NOT NULL, "reset_password_token" varchar DEFAULT NULL, "reset_password_sent_at" datetime DEFAULT NULL, "remember_created_at" datetime DEFAULT NULL, "last_name" varchar DEFAULT NULL, "string" varchar DEFAULT NULL, "first_name" varchar DEFAULT NULL, "last_name_kana" varchar DEFAULT NULL, "first_name_kana" varchar DEFAULT NULL, "postal_code" varchar DEFAULT NULL, "address" varchar DEFAULT NULL, "telephone_number" varchar DEFAULT NULL, "boolean" varchar DEFAULT NULL, "created_at" datetime NOT NULL, "updated_at" datetime NOT NULL)[0m
  ↳ db/migrate/20200902134513_remove_boolean_from_members.rb:3
  [1m[35m (0.4ms)[0m  [1m[35mCREATE UNIQUE INDEX "tindex_amembers_on_reset_password_token" ON "amembers" ("reset_password_token")[0m
  ↳ db/migrate/20200902134513_remove_boolean_from_members.rb:3
  [1m[35m (0.4ms)[0m  [1m[35mCREATE UNIQUE INDEX "tindex_amembers_on_email" ON "amembers" ("email")[0m
  ↳ db/migrate/20200902134513_remove_boolean_from_members.rb:3
  [1m[35m (0.3ms)[0m  [1m[32mINSERT INTO "amembers" ("id","email","encrypted_password","reset_password_token","reset_password_sent_at","remember_created_at","last_name","string","first_name","last_name_kana","first_name_kana","postal_code","address","telephone_number","boolean","created_at","updated_at")
                     SELECT "id","email","encrypted_password","reset_password_token","reset_password_sent_at","remember_created_at","last_name","string","first_name","last_name_kana","first_name_kana","postal_code","address","telephone_number","boolean","created_at","updated_at" FROM "members"[0m
  ↳ db/migrate/20200902134513_remove_boolean_from_members.rb:3
  [1m[35m (8.8ms)[0m  [1m[35mDROP TABLE "members"[0m
  ↳ db/migrate/20200902134513_remove_boolean_from_members.rb:3
  [1m[35m (1.0ms)[0m  [1m[35mCREATE TABLE "members" ("id" integer NOT NULL PRIMARY KEY, "email" varchar DEFAULT '' NOT NULL, "encrypted_password" varchar DEFAULT '' NOT NULL, "reset_password_token" varchar DEFAULT NULL, "reset_password_sent_at" datetime DEFAULT NULL, "remember_created_at" datetime DEFAULT NULL, "last_name" varchar DEFAULT NULL, "string" varchar DEFAULT NULL, "first_name" varchar DEFAULT NULL, "last_name_kana" varchar DEFAULT NULL, "first_name_kana" varchar DEFAULT NULL, "postal_code" varchar DEFAULT NULL, "address" varchar DEFAULT NULL, "telephone_number" varchar DEFAULT NULL, "created_at" datetime NOT NULL, "updated_at" datetime NOT NULL)[0m
  ↳ db/migrate/20200902134513_remove_boolean_from_members.rb:3
  [1m[35m (0.5ms)[0m  [1m[35mCREATE UNIQUE INDEX "index_members_on_email" ON "members" ("email")[0m
  ↳ db/migrate/20200902134513_remove_boolean_from_members.rb:3
  [1m[35m (0.4ms)[0m  [1m[35mCREATE UNIQUE INDEX "index_members_on_reset_password_token" ON "members" ("reset_password_token")[0m
  ↳ db/migrate/20200902134513_remove_boolean_from_members.rb:3
  [1m[35m (0.3ms)[0m  [1m[32mINSERT INTO "members" ("id","email","encrypted_password","reset_password_token","reset_password_sent_at","remember_created_at","last_name","string","first_name","last_name_kana","first_name_kana","postal_code","address","telephone_number","created_at","updated_at")
                     SELECT "id","email","encrypted_password","reset_password_token","reset_password_sent_at","remember_created_at","last_name","string","first_name","last_name_kana","first_name_kana","postal_code","address","telephone_number","created_at","updated_at" FROM "amembers"[0m
  ↳ db/migrate/20200902134513_remove_boolean_from_members.rb:3
  [1m[35m (0.4ms)[0m  [1m[35mDROP TABLE "amembers"[0m
  ↳ db/migrate/20200902134513_remove_boolean_from_members.rb:3
  [1m[36mActiveRecord::SchemaMigration Create (1.2ms)[0m  [1m[32mINSERT INTO "schema_migrations" ("version") VALUES (?)[0m  [["version", "20200902134513"]]
  ↳ bin/rails:9
  [1m[35m (6.1ms)[0m  [1m[36mcommit transaction[0m
  ↳ bin/rails:9
Migrating to AddIsDeletedToMembers (20200903054725)
  [1m[35m (0.2ms)[0m  [1m[36mbegin transaction[0m
  ↳ bin/rails:9
  [1m[35m (8.3ms)[0m  [1m[35mALTER TABLE "members" ADD "is_deleted" boolean DEFAULT 0 NOT NULL[0m
  ↳ db/migrate/20200903054725_add_is_deleted_to_members.rb:3
  [1m[36mActiveRecord::SchemaMigration Create (1.5ms)[0m  [1m[32mINSERT INTO "schema_migrations" ("version") VALUES (?)[0m  [["version", "20200903054725"]]
  ↳ bin/rails:9
  [1m[35m (3.0ms)[0m  [1m[36mcommit transaction[0m
  ↳ bin/rails:9
  [1m[36mActiveRecord::InternalMetadata Load (3.1ms)[0m  [1m[34mSELECT  "ar_internal_metadata".* FROM "ar_internal_metadata" WHERE "ar_internal_metadata"."key" = ? LIMIT ?[0m  [["key", "environment"], ["LIMIT", 1]]
  ↳ bin/rails:9
  [1m[35m (0.2ms)[0m  [1m[36mbegin transaction[0m
  ↳ bin/rails:9
  [1m[36mActiveRecord::InternalMetadata Create (6.1ms)[0m  [1m[32mINSERT INTO "ar_internal_metadata" ("key", "value", "created_at", "updated_at") VALUES (?, ?, ?, ?)[0m  [["key", "environment"], ["value", "development"], ["created_at", "2020-09-07 06:49:02.613669"], ["updated_at", "2020-09-07 06:49:02.613669"]]
  ↳ bin/rails:9
  [1m[35m (3.2ms)[0m  [1m[36mcommit transaction[0m
  ↳ bin/rails:9
  [1m[35m (2.4ms)[0m  [1m[34mSELECT "schema_migrations"."version" FROM "schema_migrations" ORDER BY "schema_migrations"."version" ASC[0m
  ↳ bin/rails:9
